<?xml version="1.0" encoding="UTF-8"?>
<testng-results ignored="0" total="1" passed="1" failed="0" skipped="0">
  <reporter-output>
  </reporter-output>
  <suite started-at="2022-04-12T13:42:28 IST" name="Default suite" finished-at="2022-04-12T13:42:28 IST" duration-ms="65">
    <groups>
    </groups>
    <test started-at="2022-04-12T13:42:28 IST" name="Default test" finished-at="2022-04-12T13:42:28 IST" duration-ms="65">
      <class name="testclasses.OnlinePlansVerificationTest">
        <test-method signature="verifyUrl()[pri:0, instance:testclasses.OnlinePlansVerificationTest@3d6f0054]" started-at="2022-04-12T13:42:28 IST" name="verifyUrl" finished-at="2022-04-12T13:42:28 IST" duration-ms="11" status="PASS">
          <reporter-output>
          </reporter-output>
        </test-method> <!-- verifyUrl -->
      </class> <!-- testclasses.OnlinePlansVerificationTest -->
    </test> <!-- Default test -->
  </suite> <!-- Default suite -->
</testng-results>
